proguard/seeds.txt
app.mapplas.com.R$anim: int alpha
app.mapplas.com.R$anim: int flipinnext
app.mapplas.com.R$anim: int flipinprevious
app.mapplas.com.R$anim: int flipoutnext
app.mapplas.com.R$anim: int flipoutprevious
app.mapplas.com.R$anim: int rotate
app.mapplas.com.R$array: int languages_array
app.mapplas.com.R$attr: int cameraBearing
app.mapplas.com.R$attr: int cameraTargetLat
app.mapplas.com.R$attr: int cameraTargetLng
app.mapplas.com.R$attr: int cameraTilt
app.mapplas.com.R$attr: int cameraZoom
app.mapplas.com.R$attr: int mapType
app.mapplas.com.R$attr: int typeface
app.mapplas.com.R$attr: int uiCompass
app.mapplas.com.R$attr: int uiRotateGestures
app.mapplas.com.R$attr: int uiScrollGestures
app.mapplas.com.R$attr: int uiTiltGestures
app.mapplas.com.R$attr: int uiZoomControls
app.mapplas.com.R$attr: int uiZoomGestures
app.mapplas.com.R$attr: int useViewLifecycle
app.mapplas.com.R$attr: int zOrderOnTop
app.mapplas.com.R$color: int AliceBlue
app.mapplas.com.R$color: int AntiqueWhite
app.mapplas.com.R$color: int Aqua
app.mapplas.com.R$color: int Aquamarine
app.mapplas.com.R$color: int Azure
app.mapplas.com.R$color: int Beige
app.mapplas.com.R$color: int Bisque
app.mapplas.com.R$color: int Black
app.mapplas.com.R$color: int BlanchedAlmond
app.mapplas.com.R$color: int Blue
app.mapplas.com.R$color: int BlueViolet
app.mapplas.com.R$color: int Brown
app.mapplas.com.R$color: int BurlyWood
app.mapplas.com.R$color: int CadetBlue
app.mapplas.com.R$color: int Chartreuse
app.mapplas.com.R$color: int Chocolate
app.mapplas.com.R$color: int Coral
app.mapplas.com.R$color: int CornflowerBlue
app.mapplas.com.R$color: int Cornsilk
app.mapplas.com.R$color: int Crimson
app.mapplas.com.R$color: int Cyan
app.mapplas.com.R$color: int DarkBlue
app.mapplas.com.R$color: int DarkCyan
app.mapplas.com.R$color: int DarkGoldenrod
app.mapplas.com.R$color: int DarkGray
app.mapplas.com.R$color: int DarkGreen
app.mapplas.com.R$color: int DarkKhaki
app.mapplas.com.R$color: int DarkMagenta
app.mapplas.com.R$color: int DarkOliveGreen
app.mapplas.com.R$color: int DarkOrange
app.mapplas.com.R$color: int DarkOrchid
app.mapplas.com.R$color: int DarkRed
app.mapplas.com.R$color: int DarkSalmon
app.mapplas.com.R$color: int DarkSeaGreen
app.mapplas.com.R$color: int DarkSlateBlue
app.mapplas.com.R$color: int DarkSlateGray
app.mapplas.com.R$color: int DarkTurquoise
app.mapplas.com.R$color: int DarkViolet
app.mapplas.com.R$drawable: int action_block_button
app.mapplas.com.R$drawable: int action_pin_button
app.mapplas.com.R$drawable: int action_rate_button
app.mapplas.com.R$drawable: int action_share_button
app.mapplas.com.R$drawable: int action_un_pinup_button
app.mapplas.com.R$drawable: int action_unblock_button
app.mapplas.com.R$drawable: int anim_location
app.mapplas.com.R$drawable: int badge_free
app.mapplas.com.R$drawable: int badge_html5
app.mapplas.com.R$drawable: int badge_launch
app.mapplas.com.R$drawable: int badge_price
app.mapplas.com.R$drawable: int bgd_filter_edit_text
app.mapplas.com.R$drawable: int bgd_ptr
app.mapplas.com.R$drawable: int bkg_nav_bar
app.mapplas.com.R$drawable: int btn_segmented_left
app.mapplas.com.R$drawable: int btn_segmented_left_pressed
app.mapplas.com.R$drawable: int btn_segmented_right
app.mapplas.com.R$drawable: int btn_segmented_right_pressed
app.mapplas.com.R$drawable: int common_signin_btn_icon_dark
app.mapplas.com.R$drawable: int common_signin_btn_icon_disabled_dark
app.mapplas.com.R$drawable: int common_signin_btn_icon_disabled_focus_dark
app.mapplas.com.R$drawable: int common_signin_btn_icon_disabled_focus_light
app.mapplas.com.R$drawable: int common_signin_btn_icon_disabled_light
app.mapplas.com.R$drawable: int common_signin_btn_icon_focus_dark
app.mapplas.com.R$drawable: int common_signin_btn_icon_focus_light
app.mapplas.com.R$drawable: int common_signin_btn_icon_light
...
com.j256.ormlite.stmt.PreparedQuery
com.j256.ormlite.stmt.PreparedStmt
com.j256.ormlite.stmt.PreparedStmt: com.j256.ormlite.support.CompiledStatement compile(com.j256.ormlite.support.DatabaseConnection,com.j256.ormlite.stmt.StatementBuilder$StatementType)
com.j256.ormlite.stmt.PreparedStmt: com.j256.ormlite.support.CompiledStatement compile(com.j256.ormlite.support.DatabaseConnection,com.j256.ormlite.stmt.StatementBuilder$StatementType,int)
com.j256.ormlite.stmt.PreparedStmt: java.lang.String getStatement()
com.j256.ormlite.stmt.PreparedStmt: com.j256.ormlite.stmt.StatementBuilder$StatementType getType()
com.j256.ormlite.stmt.PreparedStmt: void setArgumentHolderValue(int,java.lang.Object)
com.j256.ormlite.stmt.PreparedUpdate
com.j256.ormlite.stmt.QueryBuilder
com.j256.ormlite.stmt.QueryBuilder: com.j256.ormlite.field.FieldType idField
com.j256.ormlite.stmt.QueryBuilder: com.j256.ormlite.field.FieldType[] resultFieldTypes
com.j256.ormlite.stmt.QueryBuilder: boolean distinct
com.j256.ormlite.stmt.QueryBuilder: boolean selectIdColumn
com.j256.ormlite.stmt.QueryBuilder: java.util.List selectColumnList
com.j256.ormlite.stmt.QueryBuilder: java.util.List selectRawList
com.j256.ormlite.stmt.QueryBuilder: java.util.List orderByList
com.j256.ormlite.stmt.QueryBuilder: java.lang.String orderByRaw
com.j256.ormlite.stmt.QueryBuilder: java.util.List groupByList
com.j256.ormlite.stmt.QueryBuilder: java.lang.String groupByRaw
com.j256.ormlite.stmt.QueryBuilder: boolean isInnerQuery
com.j256.ormlite.stmt.QueryBuilder: boolean countOf
com.j256.ormlite.stmt.QueryBuilder: java.lang.String having
com.j256.ormlite.stmt.QueryBuilder: java.lang.Long limit
com.j256.ormlite.stmt.QueryBuilder: java.lang.Long offset
com.j256.ormlite.stmt.QueryBuilder: java.lang.String joinType
com.j256.ormlite.stmt.QueryBuilder: com.j256.ormlite.stmt.QueryBuilder joinedQueryBuilder
com.j256.ormlite.stmt.QueryBuilder: com.j256.ormlite.field.FieldType localJoinedField
com.j256.ormlite.stmt.QueryBuilder: com.j256.ormlite.field.FieldType remoteJoinedField
com.j256.ormlite.stmt.QueryBuilder: QueryBuilder(com.j256.ormlite.db.DatabaseType,com.j256.ormlite.table.TableInfo,com.j256.ormlite.dao.Dao)
com.j256.ormlite.stmt.QueryBuilder$InternalQueryBuilderWrapper
com.j256.ormlite.stmt.QueryBuilder$InternalQueryBuilderWrapper: com.j256.ormlite.stmt.QueryBuilder queryBuilder
com.j256.ormlite.stmt.QueryBuilder$InternalQueryBuilderWrapper: QueryBuilder$InternalQueryBuilderWrapper(com.j256.ormlite.stmt.QueryBuilder)
com.j256.ormlite.stmt.QueryBuilder$InternalQueryBuilderWrapper: void appendStatementString(java.lang.StringBuilder,java.util.List)
com.j256.ormlite.stmt.QueryBuilder$InternalQueryBuilderWrapper: com.j256.ormlite.field.FieldType[] getResultFieldTypes()
com.j256.ormlite.stmt.RawResultsImpl
com.j256.ormlite.stmt.RawResultsImpl: com.j256.ormlite.stmt.SelectIterator iterator
com.j256.ormlite.stmt.RawResultsImpl: java.lang.String[] columnNames
com.j256.ormlite.stmt.RawResultsImpl: RawResultsImpl(com.j256.ormlite.support.ConnectionSource,com.j256.ormlite.support.DatabaseConnection,java.lang.String,java.lang.Class,com.j256.ormlite.support.CompiledStatement,com.j256.ormlite.stmt.GenericRowMapper,com.j256.ormlite.dao.ObjectCache)
com.j256.ormlite.stmt.RawResultsImpl: int getNumberColumns()
com.j256.ormlite.stmt.RawResultsImpl: java.lang.String[] getColumnNames()
com.j256.ormlite.stmt.RawResultsImpl: java.util.List getResults()
com.j256.ormlite.stmt.RawResultsImpl: java.lang.Object getFirstResult()
com.j256.ormlite.stmt.RawResultsImpl: com.j256.ormlite.dao.CloseableIterator iterator()
com.j256.ormlite.stmt.RawResultsImpl: com.j256.ormlite.dao.CloseableIterator closeableIterator()
com.j256.ormlite.stmt.RawResultsImpl: void close()
com.j256.ormlite.stmt.RawResultsImpl: java.util.Iterator iterator()