proguard/mapping.txt
com.mapplas.utils.network.connectors.PinRequestConnector -> com.mapplas.utils.e.b.g:
    java.lang.String request(java.lang.String,java.lang.String,java.lang.String,double,double,java.lang.String) -> a
com.mapplas.utils.network.connectors.UserIdentificationConnector -> com.mapplas.utils.e.b.h:
    java.lang.String request(java.lang.String,android.content.Context) -> a
com.mapplas.utils.network.connectors.UserPinBlocksConnector -> com.mapplas.utils.e.b.i:
    java.lang.String request(java.lang.String) -> a
com.mapplas.utils.network.connectors.UserPlayStoreInteractionConnector -> com.mapplas.utils.e.b.j:
    java.lang.String request(java.lang.String,int,android.location.Location) -> a
com.mapplas.utils.network.mappers.JsonToAppDetailMapper -> com.mapplas.utils.e.c.a:
    android.content.Context context -> a
    void map(org.json.JSONObject,java.lang.Object) -> a
    void parseScreenshots(java.lang.String,com.mapplas.model.App) -> a
    void moreFromDeveloper(org.json.JSONArray,com.mapplas.model.App) -> a
com.mapplas.utils.network.mappers.JsonToAppMapper -> com.mapplas.utils.e.c.b:
    android.content.Context context -> a
    java.util.ArrayList map(org.json.JSONArray) -> a
    com.mapplas.model.App map(org.json.JSONObject) -> a
    void changeLogoUrlDependingOnDensity(com.mapplas.model.App) -> a
com.mapplas.utils.network.mappers.JsonToAppReponseMapper -> com.mapplas.utils.e.c.c:
    boolean resetPagination -> a
    android.content.Context context -> b
    void setResetPagination(boolean,android.content.Context) -> a
    void map(org.json.JSONObject,java.lang.Object) -> a
    void setMockedAppToList(com.mapplas.model.SuperModel) -> a
com.mapplas.utils.network.mappers.JsonToBlockedAppsMapper -> com.mapplas.utils.e.c.d:
    android.content.Context context -> a
    java.util.ArrayList map(org.json.JSONArray) -> a
    void changeLogoUrlDependingOnDensity(com.mapplas.model.App) -> a
com.mapplas.utils.network.mappers.JsonToMoreAppsMapper -> com.mapplas.utils.e.c.e:
    android.content.Context context -> a
    com.mapplas.model.MoreFromDeveloperApp map(org.json.JSONObject) -> a
    void changeLogoUrlDependingOnDensity(com.mapplas.model.MoreFromDeveloperApp) -> a
com.mapplas.utils.network.mappers.JsonToMoreFromDeveloperActivityMapper -> com.mapplas.utils.e.c.f:
    android.content.Context context -> a
    void map(org.json.JSONObject,java.lang.Object) -> a
    void moreFromDeveloper(org.json.JSONArray,com.mapplas.model.App) -> a
com.mapplas.utils.network.mappers.JsonToMoreFromDeveloperMapper -> com.mapplas.utils.e.c.g:
    java.util.ArrayList mapList -> a
    android.content.Context context -> b
    java.util.ArrayList map(org.json.JSONArray) -> a
com.mapplas.utils.network.mappers.JsonToPinnedAppsMapper -> com.mapplas.utils.e.c.h:
    android.content.Context context -> a
    java.util.ArrayList map(org.json.JSONArray) -> a
    void changeLogoUrlDependingOnDensity(com.mapplas.model.App) -> a
com.mapplas.utils.network.mappers.JsonToUserMapper -> com.mapplas.utils.e.c.i:
    com.mapplas.model.User map(org.json.JSONObject) -> a
com.mapplas.utils.network.mappers.generic.GenericMapper -> com.mapplas.utils.e.c.a.a:
    java.util.ArrayList mappers -> a
    void map(org.json.JSONObject,java.lang.Object) -> a
com.mapplas.utils.network.mappers.generic.base.KeyIntegerValueMapper -> com.mapplas.utils.e.c.a.a.a:
    java.lang.String key -> a
    java.lang.reflect.Method method -> b
    void map(org.json.JSONObject,java.lang.Object) -> a
com.mapplas.utils.network.mappers.generic.base.KeyValueScapedMapper -> com.mapplas.utils.e.c.a.a.b:
    java.lang.String key -> a
    java.lang.reflect.Method method -> b
    void map(org.json.JSONObject,java.lang.Object) -> a
com.mapplas.utils.network.mappers.generic.base.TargetMapper -> com.mapplas.utils.e.c.a.a.c:
    void map(org.json.JSONObject,java.lang.Object) -> a