proguard/usage.txt
app.mapplas.com.BuildConfig
app.mapplas.com.R
app.mapplas.com.R$anim
app.mapplas.com.R$array
app.mapplas.com.R$attr
app.mapplas.com.R$color
app.mapplas.com.R$drawable
app.mapplas.com.R$id
app.mapplas.com.R$layout
app.mapplas.com.R$string
app.mapplas.com.R$style
app.mapplas.com.R$styleable
...
com.google.android.gms.R$styleable
com.google.android.gms.appstate.AppState
com.google.android.gms.appstate.AppStateBuffer
com.google.android.gms.appstate.AppStateClient
com.google.android.gms.appstate.AppStateClient$1
com.google.android.gms.appstate.AppStateClient$Builder
com.google.android.gms.appstate.OnSignOutCompleteListener
com.google.android.gms.appstate.OnStateDeletedListener
com.google.android.gms.appstate.OnStateListLoadedListener
com.google.android.gms.appstate.OnStateLoadedListener
com.google.android.gms.appstate.a
com.google.android.gms.appstate.b
com.google.android.gms.auth.GoogleAuthException
com.google.android.gms.auth.GoogleAuthUtil
com.google.android.gms.auth.GooglePlayServicesAvailabilityException
com.google.android.gms.auth.UserRecoverableAuthException
com.google.android.gms.auth.UserRecoverableNotifiedException
com.google.android.gms.common.AccountPicker
com.google.android.gms.common.ConnectionResult:
    public static final int SUCCESS
    public static final int SERVICE_MISSING
    public static final int SERVICE_VERSION_UPDATE_REQUIRED
    public static final int SERVICE_DISABLED
    public static final int SIGN_IN_REQUIRED
    public static final int INVALID_ACCOUNT
    public static final int RESOLUTION_REQUIRED
    public static final int NETWORK_ERROR
    public static final int INTERNAL_ERROR
    public static final int SERVICE_INVALID
    public static final int DEVELOPER_ERROR
    public static final int LICENSE_CHECK_FAILED
    public boolean isSuccess()
    public int getErrorCode()
    public android.app.PendingIntent getResolution()
com.google.android.gms.common.GooglePlayServicesClient:
    public abstract void connect()
    public abstract void disconnect()
    public abstract boolean isConnected()
    public abstract boolean isConnecting()
    public abstract void registerConnectionCallbacks(com.google.android.gms.common.GooglePlayServicesClient$ConnectionCallbacks)
    public abstract boolean isConnectionCallbacksRegistered(com.google.android.gms.common.GooglePlayServicesClient$ConnectionCallbacks)
    public abstract void unregisterConnectionCallbacks(com.google.android.gms.common.GooglePlayServicesClient$ConnectionCallbacks)
    public abstract void registerConnectionFailedListener(com.google.android.gms.common.GooglePlayServicesClient$OnConnectionFailedListener)
    public abstract boolean isConnectionFailedListenerRegistered(com.google.android.gms.common.GooglePlayServicesClient$OnConnectionFailedListener)
    public abstract void unregisterConnectionFailedListener(com.google.android.gms.common.GooglePlayServicesClient$OnConnectionFailedListener)
com.google.android.gms.common.GooglePlayServicesNotAvailableException